[2020-11-11 11:08:29.949] [renderer1] [error] name must not be falsy: Error: name must not be falsy
	at Function.validate (/usr/share/code/resources/app/out/vs/workbench/services/extensions/node/extensionHostProcess.js:442:18)
	at new x (/usr/share/code/resources/app/out/vs/workbench/services/extensions/node/extensionHostProcess.js:441:950)
	at new x (/usr/share/code/resources/app/out/vs/workbench/services/extensions/node/extensionHostProcess.js:429:431)
	at asSymbolInformation (/root/.vscode/extensions/hikerpig.vetur-0.24.1/node_modules/vscode-languageclient/lib/protocolConverter.js:449:22)
	at /root/.vscode/extensions/hikerpig.vetur-0.24.1/node_modules/vscode-languageclient/lib/protocolConverter.js:429:42
	at Array.map (<anonymous>)
	at Object.asSymbolInformations (/root/.vscode/extensions/hikerpig.vetur-0.24.1/node_modules/vscode-languageclient/lib/protocolConverter.js:429:23)
	at /root/.vscode/extensions/hikerpig.vetur-0.24.1/node_modules/vscode-languageclient/lib/client.js:1088:70
[2020-11-11 11:08:39.990] [renderer1] [error] name must not be falsy: Error: name must not be falsy
	at Function.validate (/usr/share/code/resources/app/out/vs/workbench/services/extensions/node/extensionHostProcess.js:442:18)
	at new x (/usr/share/code/resources/app/out/vs/workbench/services/extensions/node/extensionHostProcess.js:441:950)
	at new x (/usr/share/code/resources/app/out/vs/workbench/services/extensions/node/extensionHostProcess.js:429:431)
	at asSymbolInformation (/root/.vscode/extensions/hikerpig.vetur-0.24.1/node_modules/vscode-languageclient/lib/protocolConverter.js:449:22)
	at /root/.vscode/extensions/hikerpig.vetur-0.24.1/node_modules/vscode-languageclient/lib/protocolConverter.js:429:42
	at Array.map (<anonymous>)
	at Object.asSymbolInformations (/root/.vscode/extensions/hikerpig.vetur-0.24.1/node_modules/vscode-languageclient/lib/protocolConverter.js:429:23)
	at /root/.vscode/extensions/hikerpig.vetur-0.24.1/node_modules/vscode-languageclient/lib/client.js:1088:70
[2020-11-11 11:19:34.601] [renderer1] [error] name must not be falsy: Error: name must not be falsy
	at Function.validate (/usr/share/code/resources/app/out/vs/workbench/services/extensions/node/extensionHostProcess.js:442:18)
	at new x (/usr/share/code/resources/app/out/vs/workbench/services/extensions/node/extensionHostProcess.js:441:950)
	at new x (/usr/share/code/resources/app/out/vs/workbench/services/extensions/node/extensionHostProcess.js:429:431)
	at asSymbolInformation (/root/.vscode/extensions/hikerpig.vetur-0.24.1/node_modules/vscode-languageclient/lib/protocolConverter.js:449:22)
	at /root/.vscode/extensions/hikerpig.vetur-0.24.1/node_modules/vscode-languageclient/lib/protocolConverter.js:429:42
	at Array.map (<anonymous>)
	at Object.asSymbolInformations (/root/.vscode/extensions/hikerpig.vetur-0.24.1/node_modules/vscode-languageclient/lib/protocolConverter.js:429:23)
	at /root/.vscode/extensions/hikerpig.vetur-0.24.1/node_modules/vscode-languageclient/lib/client.js:1088:70
[2020-11-11 11:22:26.904] [renderer1] [error] name must not be falsy: Error: name must not be falsy
	at Function.validate (/usr/share/code/resources/app/out/vs/workbench/services/extensions/node/extensionHostProcess.js:442:18)
	at new x (/usr/share/code/resources/app/out/vs/workbench/services/extensions/node/extensionHostProcess.js:441:950)
	at new x (/usr/share/code/resources/app/out/vs/workbench/services/extensions/node/extensionHostProcess.js:429:431)
	at asSymbolInformation (/root/.vscode/extensions/hikerpig.vetur-0.24.1/node_modules/vscode-languageclient/lib/protocolConverter.js:449:22)
	at /root/.vscode/extensions/hikerpig.vetur-0.24.1/node_modules/vscode-languageclient/lib/protocolConverter.js:429:42
	at Array.map (<anonymous>)
	at Object.asSymbolInformations (/root/.vscode/extensions/hikerpig.vetur-0.24.1/node_modules/vscode-languageclient/lib/protocolConverter.js:429:23)
	at /root/.vscode/extensions/hikerpig.vetur-0.24.1/node_modules/vscode-languageclient/lib/client.js:1088:70
[2020-11-11 11:23:31.921] [renderer1] [error] name must not be falsy: Error: name must not be falsy
	at Function.validate (/usr/share/code/resources/app/out/vs/workbench/services/extensions/node/extensionHostProcess.js:442:18)
	at new x (/usr/share/code/resources/app/out/vs/workbench/services/extensions/node/extensionHostProcess.js:441:950)
	at new x (/usr/share/code/resources/app/out/vs/workbench/services/extensions/node/extensionHostProcess.js:429:431)
	at asSymbolInformation (/root/.vscode/extensions/hikerpig.vetur-0.24.1/node_modules/vscode-languageclient/lib/protocolConverter.js:449:22)
	at /root/.vscode/extensions/hikerpig.vetur-0.24.1/node_modules/vscode-languageclient/lib/protocolConverter.js:429:42
	at Array.map (<anonymous>)
	at Object.asSymbolInformations (/root/.vscode/extensions/hikerpig.vetur-0.24.1/node_modules/vscode-languageclient/lib/protocolConverter.js:429:23)
	at /root/.vscode/extensions/hikerpig.vetur-0.24.1/node_modules/vscode-languageclient/lib/client.js:1088:70
[2020-11-11 11:23:37.498] [renderer1] [error] name must not be falsy: Error: name must not be falsy
	at Function.validate (/usr/share/code/resources/app/out/vs/workbench/services/extensions/node/extensionHostProcess.js:442:18)
	at new x (/usr/share/code/resources/app/out/vs/workbench/services/extensions/node/extensionHostProcess.js:441:950)
	at new x (/usr/share/code/resources/app/out/vs/workbench/services/extensions/node/extensionHostProcess.js:429:431)
	at asSymbolInformation (/root/.vscode/extensions/hikerpig.vetur-0.24.1/node_modules/vscode-languageclient/lib/protocolConverter.js:449:22)
	at /root/.vscode/extensions/hikerpig.vetur-0.24.1/node_modules/vscode-languageclient/lib/protocolConverter.js:429:42
	at Array.map (<anonymous>)
	at Object.asSymbolInformations (/root/.vscode/extensions/hikerpig.vetur-0.24.1/node_modules/vscode-languageclient/lib/protocolConverter.js:429:23)
	at /root/.vscode/extensions/hikerpig.vetur-0.24.1/node_modules/vscode-languageclient/lib/client.js:1088:70
	at runNextTicks (internal/process/task_queues.js:58:5)
	at processImmediate (internal/timers.js:412:9)
[2020-11-11 11:28:38.998] [renderer1] [error] name must not be falsy: Error: name must not be falsy
	at Function.validate (/usr/share/code/resources/app/out/vs/workbench/services/extensions/node/extensionHostProcess.js:442:18)
	at new x (/usr/share/code/resources/app/out/vs/workbench/services/extensions/node/extensionHostProcess.js:441:950)
	at new x (/usr/share/code/resources/app/out/vs/workbench/services/extensions/node/extensionHostProcess.js:429:431)
	at asSymbolInformation (/root/.vscode/extensions/hikerpig.vetur-0.24.1/node_modules/vscode-languageclient/lib/protocolConverter.js:449:22)
	at /root/.vscode/extensions/hikerpig.vetur-0.24.1/node_modules/vscode-languageclient/lib/protocolConverter.js:429:42
	at Array.map (<anonymous>)
	at Object.asSymbolInformations (/root/.vscode/extensions/hikerpig.vetur-0.24.1/node_modules/vscode-languageclient/lib/protocolConverter.js:429:23)
	at /root/.vscode/extensions/hikerpig.vetur-0.24.1/node_modules/vscode-languageclient/lib/client.js:1088:70
[2020-11-11 11:38:20.478] [renderer1] [error] name must not be falsy: Error: name must not be falsy
	at Function.validate (/usr/share/code/resources/app/out/vs/workbench/services/extensions/node/extensionHostProcess.js:442:18)
	at new x (/usr/share/code/resources/app/out/vs/workbench/services/extensions/node/extensionHostProcess.js:441:950)
	at new x (/usr/share/code/resources/app/out/vs/workbench/services/extensions/node/extensionHostProcess.js:429:431)
	at asSymbolInformation (/root/.vscode/extensions/hikerpig.vetur-0.24.1/node_modules/vscode-languageclient/lib/protocolConverter.js:449:22)
	at /root/.vscode/extensions/hikerpig.vetur-0.24.1/node_modules/vscode-languageclient/lib/protocolConverter.js:429:42
	at Array.map (<anonymous>)
	at Object.asSymbolInformations (/root/.vscode/extensions/hikerpig.vetur-0.24.1/node_modules/vscode-languageclient/lib/protocolConverter.js:429:23)
	at /root/.vscode/extensions/hikerpig.vetur-0.24.1/node_modules/vscode-languageclient/lib/client.js:1088:70
[2020-11-11 11:38:31.083] [renderer1] [error] name must not be falsy: Error: name must not be falsy
	at Function.validate (/usr/share/code/resources/app/out/vs/workbench/services/extensions/node/extensionHostProcess.js:442:18)
	at new x (/usr/share/code/resources/app/out/vs/workbench/services/extensions/node/extensionHostProcess.js:441:950)
	at new x (/usr/share/code/resources/app/out/vs/workbench/services/extensions/node/extensionHostProcess.js:429:431)
	at asSymbolInformation (/root/.vscode/extensions/hikerpig.vetur-0.24.1/node_modules/vscode-languageclient/lib/protocolConverter.js:449:22)
	at /root/.vscode/extensions/hikerpig.vetur-0.24.1/node_modules/vscode-languageclient/lib/protocolConverter.js:429:42
	at Array.map (<anonymous>)
	at Object.asSymbolInformations (/root/.vscode/extensions/hikerpig.vetur-0.24.1/node_modules/vscode-languageclient/lib/protocolConverter.js:429:23)
	at /root/.vscode/extensions/hikerpig.vetur-0.24.1/node_modules/vscode-languageclient/lib/client.js:1088:70
[2020-11-11 11:44:53.411] [renderer1] [error] name must not be falsy: Error: name must not be falsy
	at Function.validate (/usr/share/code/resources/app/out/vs/workbench/services/extensions/node/extensionHostProcess.js:442:18)
	at new x (/usr/share/code/resources/app/out/vs/workbench/services/extensions/node/extensionHostProcess.js:441:950)
	at new x (/usr/share/code/resources/app/out/vs/workbench/services/extensions/node/extensionHostProcess.js:429:431)
	at asSymbolInformation (/root/.vscode/extensions/hikerpig.vetur-0.24.1/node_modules/vscode-languageclient/lib/protocolConverter.js:449:22)
	at /root/.vscode/extensions/hikerpig.vetur-0.24.1/node_modules/vscode-languageclient/lib/protocolConverter.js:429:42
	at Array.map (<anonymous>)
	at Object.asSymbolInformations (/root/.vscode/extensions/hikerpig.vetur-0.24.1/node_modules/vscode-languageclient/lib/protocolConverter.js:429:23)
	at /root/.vscode/extensions/hikerpig.vetur-0.24.1/node_modules/vscode-languageclient/lib/client.js:1088:70
[2020-11-11 11:45:02.588] [renderer1] [error] name must not be falsy: Error: name must not be falsy
	at Function.validate (/usr/share/code/resources/app/out/vs/workbench/services/extensions/node/extensionHostProcess.js:442:18)
	at new x (/usr/share/code/resources/app/out/vs/workbench/services/extensions/node/extensionHostProcess.js:441:950)
	at new x (/usr/share/code/resources/app/out/vs/workbench/services/extensions/node/extensionHostProcess.js:429:431)
	at asSymbolInformation (/root/.vscode/extensions/hikerpig.vetur-0.24.1/node_modules/vscode-languageclient/lib/protocolConverter.js:449:22)
	at /root/.vscode/extensions/hikerpig.vetur-0.24.1/node_modules/vscode-languageclient/lib/protocolConverter.js:429:42
	at Array.map (<anonymous>)
	at Object.asSymbolInformations (/root/.vscode/extensions/hikerpig.vetur-0.24.1/node_modules/vscode-languageclient/lib/protocolConverter.js:429:23)
	at /root/.vscode/extensions/hikerpig.vetur-0.24.1/node_modules/vscode-languageclient/lib/client.js:1088:70
[2020-11-11 11:45:08.743] [renderer1] [error] name must not be falsy: Error: name must not be falsy
	at Function.validate (/usr/share/code/resources/app/out/vs/workbench/services/extensions/node/extensionHostProcess.js:442:18)
	at new x (/usr/share/code/resources/app/out/vs/workbench/services/extensions/node/extensionHostProcess.js:441:950)
	at new x (/usr/share/code/resources/app/out/vs/workbench/services/extensions/node/extensionHostProcess.js:429:431)
	at asSymbolInformation (/root/.vscode/extensions/hikerpig.vetur-0.24.1/node_modules/vscode-languageclient/lib/protocolConverter.js:449:22)
	at /root/.vscode/extensions/hikerpig.vetur-0.24.1/node_modules/vscode-languageclient/lib/protocolConverter.js:429:42
	at Array.map (<anonymous>)
	at Object.asSymbolInformations (/root/.vscode/extensions/hikerpig.vetur-0.24.1/node_modules/vscode-languageclient/lib/protocolConverter.js:429:23)
	at /root/.vscode/extensions/hikerpig.vetur-0.24.1/node_modules/vscode-languageclient/lib/client.js:1088:70
[2020-11-11 11:45:12.120] [renderer1] [error] name must not be falsy: Error: name must not be falsy
	at Function.validate (/usr/share/code/resources/app/out/vs/workbench/services/extensions/node/extensionHostProcess.js:442:18)
	at new x (/usr/share/code/resources/app/out/vs/workbench/services/extensions/node/extensionHostProcess.js:441:950)
	at new x (/usr/share/code/resources/app/out/vs/workbench/services/extensions/node/extensionHostProcess.js:429:431)
	at asSymbolInformation (/root/.vscode/extensions/hikerpig.vetur-0.24.1/node_modules/vscode-languageclient/lib/protocolConverter.js:449:22)
	at /root/.vscode/extensions/hikerpig.vetur-0.24.1/node_modules/vscode-languageclient/lib/protocolConverter.js:429:42
	at Array.map (<anonymous>)
	at Object.asSymbolInformations (/root/.vscode/extensions/hikerpig.vetur-0.24.1/node_modules/vscode-languageclient/lib/protocolConverter.js:429:23)
	at /root/.vscode/extensions/hikerpig.vetur-0.24.1/node_modules/vscode-languageclient/lib/client.js:1088:70
[2020-11-11 11:46:56.407] [renderer1] [error] name must not be falsy: Error: name must not be falsy
	at Function.validate (/usr/share/code/resources/app/out/vs/workbench/services/extensions/node/extensionHostProcess.js:442:18)
	at new x (/usr/share/code/resources/app/out/vs/workbench/services/extensions/node/extensionHostProcess.js:441:950)
	at new x (/usr/share/code/resources/app/out/vs/workbench/services/extensions/node/extensionHostProcess.js:429:431)
	at asSymbolInformation (/root/.vscode/extensions/hikerpig.vetur-0.24.1/node_modules/vscode-languageclient/lib/protocolConverter.js:449:22)
	at /root/.vscode/extensions/hikerpig.vetur-0.24.1/node_modules/vscode-languageclient/lib/protocolConverter.js:429:42
	at Array.map (<anonymous>)
	at Object.asSymbolInformations (/root/.vscode/extensions/hikerpig.vetur-0.24.1/node_modules/vscode-languageclient/lib/protocolConverter.js:429:23)
	at /root/.vscode/extensions/hikerpig.vetur-0.24.1/node_modules/vscode-languageclient/lib/client.js:1088:70
[2020-11-11 12:00:28.811] [renderer1] [error] name must not be falsy: Error: name must not be falsy
	at Function.validate (/usr/share/code/resources/app/out/vs/workbench/services/extensions/node/extensionHostProcess.js:442:18)
	at new x (/usr/share/code/resources/app/out/vs/workbench/services/extensions/node/extensionHostProcess.js:441:950)
	at new x (/usr/share/code/resources/app/out/vs/workbench/services/extensions/node/extensionHostProcess.js:429:431)
	at asSymbolInformation (/root/.vscode/extensions/hikerpig.vetur-0.24.1/node_modules/vscode-languageclient/lib/protocolConverter.js:449:22)
	at /root/.vscode/extensions/hikerpig.vetur-0.24.1/node_modules/vscode-languageclient/lib/protocolConverter.js:429:42
	at Array.map (<anonymous>)
	at Object.asSymbolInformations (/root/.vscode/extensions/hikerpig.vetur-0.24.1/node_modules/vscode-languageclient/lib/protocolConverter.js:429:23)
	at /root/.vscode/extensions/hikerpig.vetur-0.24.1/node_modules/vscode-languageclient/lib/client.js:1088:70
[2020-11-11 12:00:32.169] [renderer1] [error] name must not be falsy: Error: name must not be falsy
	at Function.validate (/usr/share/code/resources/app/out/vs/workbench/services/extensions/node/extensionHostProcess.js:442:18)
	at new x (/usr/share/code/resources/app/out/vs/workbench/services/extensions/node/extensionHostProcess.js:441:950)
	at new x (/usr/share/code/resources/app/out/vs/workbench/services/extensions/node/extensionHostProcess.js:429:431)
	at asSymbolInformation (/root/.vscode/extensions/hikerpig.vetur-0.24.1/node_modules/vscode-languageclient/lib/protocolConverter.js:449:22)
	at /root/.vscode/extensions/hikerpig.vetur-0.24.1/node_modules/vscode-languageclient/lib/protocolConverter.js:429:42
	at Array.map (<anonymous>)
	at Object.asSymbolInformations (/root/.vscode/extensions/hikerpig.vetur-0.24.1/node_modules/vscode-languageclient/lib/protocolConverter.js:429:23)
	at /root/.vscode/extensions/hikerpig.vetur-0.24.1/node_modules/vscode-languageclient/lib/client.js:1088:70
[2020-11-11 12:04:57.008] [renderer1] [error] name must not be falsy: Error: name must not be falsy
	at Function.validate (/usr/share/code/resources/app/out/vs/workbench/services/extensions/node/extensionHostProcess.js:442:18)
	at new x (/usr/share/code/resources/app/out/vs/workbench/services/extensions/node/extensionHostProcess.js:441:950)
	at new x (/usr/share/code/resources/app/out/vs/workbench/services/extensions/node/extensionHostProcess.js:429:431)
	at asSymbolInformation (/root/.vscode/extensions/hikerpig.vetur-0.24.1/node_modules/vscode-languageclient/lib/protocolConverter.js:449:22)
	at /root/.vscode/extensions/hikerpig.vetur-0.24.1/node_modules/vscode-languageclient/lib/protocolConverter.js:429:42
	at Array.map (<anonymous>)
	at Object.asSymbolInformations (/root/.vscode/extensions/hikerpig.vetur-0.24.1/node_modules/vscode-languageclient/lib/protocolConverter.js:429:23)
	at /root/.vscode/extensions/hikerpig.vetur-0.24.1/node_modules/vscode-languageclient/lib/client.js:1088:70
[2020-11-11 12:05:26.335] [renderer1] [error] name must not be falsy: Error: name must not be falsy
	at Function.validate (/usr/share/code/resources/app/out/vs/workbench/services/extensions/node/extensionHostProcess.js:442:18)
	at new x (/usr/share/code/resources/app/out/vs/workbench/services/extensions/node/extensionHostProcess.js:441:950)
	at new x (/usr/share/code/resources/app/out/vs/workbench/services/extensions/node/extensionHostProcess.js:429:431)
	at asSymbolInformation (/root/.vscode/extensions/hikerpig.vetur-0.24.1/node_modules/vscode-languageclient/lib/protocolConverter.js:449:22)
	at /root/.vscode/extensions/hikerpig.vetur-0.24.1/node_modules/vscode-languageclient/lib/protocolConverter.js:429:42
	at Array.map (<anonymous>)
	at Object.asSymbolInformations (/root/.vscode/extensions/hikerpig.vetur-0.24.1/node_modules/vscode-languageclient/lib/protocolConverter.js:429:23)
	at /root/.vscode/extensions/hikerpig.vetur-0.24.1/node_modules/vscode-languageclient/lib/client.js:1088:70
[2020-11-11 12:09:31.528] [renderer1] [error] name must not be falsy: Error: name must not be falsy
	at Function.validate (/usr/share/code/resources/app/out/vs/workbench/services/extensions/node/extensionHostProcess.js:442:18)
	at new x (/usr/share/code/resources/app/out/vs/workbench/services/extensions/node/extensionHostProcess.js:441:950)
	at new x (/usr/share/code/resources/app/out/vs/workbench/services/extensions/node/extensionHostProcess.js:429:431)
	at asSymbolInformation (/root/.vscode/extensions/hikerpig.vetur-0.24.1/node_modules/vscode-languageclient/lib/protocolConverter.js:449:22)
	at /root/.vscode/extensions/hikerpig.vetur-0.24.1/node_modules/vscode-languageclient/lib/protocolConverter.js:429:42
	at Array.map (<anonymous>)
	at Object.asSymbolInformations (/root/.vscode/extensions/hikerpig.vetur-0.24.1/node_modules/vscode-languageclient/lib/protocolConverter.js:429:23)
	at /root/.vscode/extensions/hikerpig.vetur-0.24.1/node_modules/vscode-languageclient/lib/client.js:1088:70
[2020-11-11 12:29:26.860] [renderer1] [error] name must not be falsy: Error: name must not be falsy
	at Function.validate (/usr/share/code/resources/app/out/vs/workbench/services/extensions/node/extensionHostProcess.js:442:18)
	at new x (/usr/share/code/resources/app/out/vs/workbench/services/extensions/node/extensionHostProcess.js:441:950)
	at new x (/usr/share/code/resources/app/out/vs/workbench/services/extensions/node/extensionHostProcess.js:429:431)
	at asSymbolInformation (/root/.vscode/extensions/hikerpig.vetur-0.24.1/node_modules/vscode-languageclient/lib/protocolConverter.js:449:22)
	at /root/.vscode/extensions/hikerpig.vetur-0.24.1/node_modules/vscode-languageclient/lib/protocolConverter.js:429:42
	at Array.map (<anonymous>)
	at Object.asSymbolInformations (/root/.vscode/extensions/hikerpig.vetur-0.24.1/node_modules/vscode-languageclient/lib/protocolConverter.js:429:23)
	at /root/.vscode/extensions/hikerpig.vetur-0.24.1/node_modules/vscode-languageclient/lib/client.js:1088:70
[2020-11-11 12:29:29.674] [renderer1] [error] name must not be falsy: Error: name must not be falsy
	at Function.validate (/usr/share/code/resources/app/out/vs/workbench/services/extensions/node/extensionHostProcess.js:442:18)
	at new x (/usr/share/code/resources/app/out/vs/workbench/services/extensions/node/extensionHostProcess.js:441:950)
	at new x (/usr/share/code/resources/app/out/vs/workbench/services/extensions/node/extensionHostProcess.js:429:431)
	at asSymbolInformation (/root/.vscode/extensions/hikerpig.vetur-0.24.1/node_modules/vscode-languageclient/lib/protocolConverter.js:449:22)
	at /root/.vscode/extensions/hikerpig.vetur-0.24.1/node_modules/vscode-languageclient/lib/protocolConverter.js:429:42
	at Array.map (<anonymous>)
	at Object.asSymbolInformations (/root/.vscode/extensions/hikerpig.vetur-0.24.1/node_modules/vscode-languageclient/lib/protocolConverter.js:429:23)
	at /root/.vscode/extensions/hikerpig.vetur-0.24.1/node_modules/vscode-languageclient/lib/client.js:1088:70
[2020-11-11 13:01:03.592] [renderer1] [error] name must not be falsy: Error: name must not be falsy
	at Function.validate (/usr/share/code/resources/app/out/vs/workbench/services/extensions/node/extensionHostProcess.js:442:18)
	at new x (/usr/share/code/resources/app/out/vs/workbench/services/extensions/node/extensionHostProcess.js:441:950)
	at new x (/usr/share/code/resources/app/out/vs/workbench/services/extensions/node/extensionHostProcess.js:429:431)
	at asSymbolInformation (/root/.vscode/extensions/hikerpig.vetur-0.24.1/node_modules/vscode-languageclient/lib/protocolConverter.js:449:22)
	at /root/.vscode/extensions/hikerpig.vetur-0.24.1/node_modules/vscode-languageclient/lib/protocolConverter.js:429:42
	at Array.map (<anonymous>)
	at Object.asSymbolInformations (/root/.vscode/extensions/hikerpig.vetur-0.24.1/node_modules/vscode-languageclient/lib/protocolConverter.js:429:23)
	at /root/.vscode/extensions/hikerpig.vetur-0.24.1/node_modules/vscode-languageclient/lib/client.js:1088:70
[2020-11-11 13:01:33.204] [renderer1] [error] name must not be falsy: Error: name must not be falsy
	at Function.validate (/usr/share/code/resources/app/out/vs/workbench/services/extensions/node/extensionHostProcess.js:442:18)
	at new x (/usr/share/code/resources/app/out/vs/workbench/services/extensions/node/extensionHostProcess.js:441:950)
	at new x (/usr/share/code/resources/app/out/vs/workbench/services/extensions/node/extensionHostProcess.js:429:431)
	at asSymbolInformation (/root/.vscode/extensions/hikerpig.vetur-0.24.1/node_modules/vscode-languageclient/lib/protocolConverter.js:449:22)
	at /root/.vscode/extensions/hikerpig.vetur-0.24.1/node_modules/vscode-languageclient/lib/protocolConverter.js:429:42
	at Array.map (<anonymous>)
	at Object.asSymbolInformations (/root/.vscode/extensions/hikerpig.vetur-0.24.1/node_modules/vscode-languageclient/lib/protocolConverter.js:429:23)
	at /root/.vscode/extensions/hikerpig.vetur-0.24.1/node_modules/vscode-languageclient/lib/client.js:1088:70
[2020-11-11 13:02:20.680] [renderer1] [error] name must not be falsy: Error: name must not be falsy
	at Function.validate (/usr/share/code/resources/app/out/vs/workbench/services/extensions/node/extensionHostProcess.js:442:18)
	at new x (/usr/share/code/resources/app/out/vs/workbench/services/extensions/node/extensionHostProcess.js:441:950)
	at new x (/usr/share/code/resources/app/out/vs/workbench/services/extensions/node/extensionHostProcess.js:429:431)
	at asSymbolInformation (/root/.vscode/extensions/hikerpig.vetur-0.24.1/node_modules/vscode-languageclient/lib/protocolConverter.js:449:22)
	at /root/.vscode/extensions/hikerpig.vetur-0.24.1/node_modules/vscode-languageclient/lib/protocolConverter.js:429:42
	at Array.map (<anonymous>)
	at Object.asSymbolInformations (/root/.vscode/extensions/hikerpig.vetur-0.24.1/node_modules/vscode-languageclient/lib/protocolConverter.js:429:23)
	at /root/.vscode/extensions/hikerpig.vetur-0.24.1/node_modules/vscode-languageclient/lib/client.js:1088:70
[2020-11-11 13:13:06.428] [renderer1] [error] name must not be falsy: Error: name must not be falsy
	at Function.validate (/usr/share/code/resources/app/out/vs/workbench/services/extensions/node/extensionHostProcess.js:442:18)
	at new x (/usr/share/code/resources/app/out/vs/workbench/services/extensions/node/extensionHostProcess.js:441:950)
	at new x (/usr/share/code/resources/app/out/vs/workbench/services/extensions/node/extensionHostProcess.js:429:431)
	at asSymbolInformation (/root/.vscode/extensions/hikerpig.vetur-0.24.1/node_modules/vscode-languageclient/lib/protocolConverter.js:449:22)
	at /root/.vscode/extensions/hikerpig.vetur-0.24.1/node_modules/vscode-languageclient/lib/protocolConverter.js:429:42
	at Array.map (<anonymous>)
	at Object.asSymbolInformations (/root/.vscode/extensions/hikerpig.vetur-0.24.1/node_modules/vscode-languageclient/lib/protocolConverter.js:429:23)
	at /root/.vscode/extensions/hikerpig.vetur-0.24.1/node_modules/vscode-languageclient/lib/client.js:1088:70
[2020-11-11 13:36:57.512] [renderer1] [error] name must not be falsy: Error: name must not be falsy
	at Function.validate (/usr/share/code/resources/app/out/vs/workbench/services/extensions/node/extensionHostProcess.js:442:18)
	at new x (/usr/share/code/resources/app/out/vs/workbench/services/extensions/node/extensionHostProcess.js:441:950)
	at new x (/usr/share/code/resources/app/out/vs/workbench/services/extensions/node/extensionHostProcess.js:429:431)
	at asSymbolInformation (/root/.vscode/extensions/hikerpig.vetur-0.24.1/node_modules/vscode-languageclient/lib/protocolConverter.js:449:22)
	at /root/.vscode/extensions/hikerpig.vetur-0.24.1/node_modules/vscode-languageclient/lib/protocolConverter.js:429:42
	at Array.map (<anonymous>)
	at Object.asSymbolInformations (/root/.vscode/extensions/hikerpig.vetur-0.24.1/node_modules/vscode-languageclient/lib/protocolConverter.js:429:23)
	at /root/.vscode/extensions/hikerpig.vetur-0.24.1/node_modules/vscode-languageclient/lib/client.js:1088:70
[2020-11-11 13:47:57.033] [renderer1] [error] name must not be falsy: Error: name must not be falsy
	at Function.validate (/usr/share/code/resources/app/out/vs/workbench/services/extensions/node/extensionHostProcess.js:442:18)
	at new x (/usr/share/code/resources/app/out/vs/workbench/services/extensions/node/extensionHostProcess.js:441:950)
	at new x (/usr/share/code/resources/app/out/vs/workbench/services/extensions/node/extensionHostProcess.js:429:431)
	at asSymbolInformation (/root/.vscode/extensions/hikerpig.vetur-0.24.1/node_modules/vscode-languageclient/lib/protocolConverter.js:449:22)
	at /root/.vscode/extensions/hikerpig.vetur-0.24.1/node_modules/vscode-languageclient/lib/protocolConverter.js:429:42
	at Array.map (<anonymous>)
	at Object.asSymbolInformations (/root/.vscode/extensions/hikerpig.vetur-0.24.1/node_modules/vscode-languageclient/lib/protocolConverter.js:429:23)
	at /root/.vscode/extensions/hikerpig.vetur-0.24.1/node_modules/vscode-languageclient/lib/client.js:1088:70
[2020-11-11 13:48:00.148] [renderer1] [error] name must not be falsy: Error: name must not be falsy
	at Function.validate (/usr/share/code/resources/app/out/vs/workbench/services/extensions/node/extensionHostProcess.js:442:18)
	at new x (/usr/share/code/resources/app/out/vs/workbench/services/extensions/node/extensionHostProcess.js:441:950)
	at new x (/usr/share/code/resources/app/out/vs/workbench/services/extensions/node/extensionHostProcess.js:429:431)
	at asSymbolInformation (/root/.vscode/extensions/hikerpig.vetur-0.24.1/node_modules/vscode-languageclient/lib/protocolConverter.js:449:22)
	at /root/.vscode/extensions/hikerpig.vetur-0.24.1/node_modules/vscode-languageclient/lib/protocolConverter.js:429:42
	at Array.map (<anonymous>)
	at Object.asSymbolInformations (/root/.vscode/extensions/hikerpig.vetur-0.24.1/node_modules/vscode-languageclient/lib/protocolConverter.js:429:23)
	at /root/.vscode/extensions/hikerpig.vetur-0.24.1/node_modules/vscode-languageclient/lib/client.js:1088:70
[2020-11-11 13:59:01.587] [renderer1] [error] name must not be falsy: Error: name must not be falsy
	at Function.validate (/usr/share/code/resources/app/out/vs/workbench/services/extensions/node/extensionHostProcess.js:442:18)
	at new x (/usr/share/code/resources/app/out/vs/workbench/services/extensions/node/extensionHostProcess.js:441:950)
	at new x (/usr/share/code/resources/app/out/vs/workbench/services/extensions/node/extensionHostProcess.js:429:431)
	at asSymbolInformation (/root/.vscode/extensions/hikerpig.vetur-0.24.1/node_modules/vscode-languageclient/lib/protocolConverter.js:449:22)
	at /root/.vscode/extensions/hikerpig.vetur-0.24.1/node_modules/vscode-languageclient/lib/protocolConverter.js:429:42
	at Array.map (<anonymous>)
	at Object.asSymbolInformations (/root/.vscode/extensions/hikerpig.vetur-0.24.1/node_modules/vscode-languageclient/lib/protocolConverter.js:429:23)
	at /root/.vscode/extensions/hikerpig.vetur-0.24.1/node_modules/vscode-languageclient/lib/client.js:1088:70
[2020-11-11 13:59:03.208] [renderer1] [error] name must not be falsy: Error: name must not be falsy
	at Function.validate (/usr/share/code/resources/app/out/vs/workbench/services/extensions/node/extensionHostProcess.js:442:18)
	at new x (/usr/share/code/resources/app/out/vs/workbench/services/extensions/node/extensionHostProcess.js:441:950)
	at new x (/usr/share/code/resources/app/out/vs/workbench/services/extensions/node/extensionHostProcess.js:429:431)
	at asSymbolInformation (/root/.vscode/extensions/hikerpig.vetur-0.24.1/node_modules/vscode-languageclient/lib/protocolConverter.js:449:22)
	at /root/.vscode/extensions/hikerpig.vetur-0.24.1/node_modules/vscode-languageclient/lib/protocolConverter.js:429:42
	at Array.map (<anonymous>)
	at Object.asSymbolInformations (/root/.vscode/extensions/hikerpig.vetur-0.24.1/node_modules/vscode-languageclient/lib/protocolConverter.js:429:23)
	at /root/.vscode/extensions/hikerpig.vetur-0.24.1/node_modules/vscode-languageclient/lib/client.js:1088:70
[2020-11-11 14:16:18.536] [renderer1] [error] name must not be falsy: Error: name must not be falsy
	at Function.validate (/usr/share/code/resources/app/out/vs/workbench/services/extensions/node/extensionHostProcess.js:442:18)
	at new x (/usr/share/code/resources/app/out/vs/workbench/services/extensions/node/extensionHostProcess.js:441:950)
	at new x (/usr/share/code/resources/app/out/vs/workbench/services/extensions/node/extensionHostProcess.js:429:431)
	at asSymbolInformation (/root/.vscode/extensions/hikerpig.vetur-0.24.1/node_modules/vscode-languageclient/lib/protocolConverter.js:449:22)
	at /root/.vscode/extensions/hikerpig.vetur-0.24.1/node_modules/vscode-languageclient/lib/protocolConverter.js:429:42
	at Array.map (<anonymous>)
	at Object.asSymbolInformations (/root/.vscode/extensions/hikerpig.vetur-0.24.1/node_modules/vscode-languageclient/lib/protocolConverter.js:429:23)
	at /root/.vscode/extensions/hikerpig.vetur-0.24.1/node_modules/vscode-languageclient/lib/client.js:1088:70
[2020-11-11 14:16:25.978] [renderer1] [error] name must not be falsy: Error: name must not be falsy
	at Function.validate (/usr/share/code/resources/app/out/vs/workbench/services/extensions/node/extensionHostProcess.js:442:18)
	at new x (/usr/share/code/resources/app/out/vs/workbench/services/extensions/node/extensionHostProcess.js:441:950)
	at new x (/usr/share/code/resources/app/out/vs/workbench/services/extensions/node/extensionHostProcess.js:429:431)
	at asSymbolInformation (/root/.vscode/extensions/hikerpig.vetur-0.24.1/node_modules/vscode-languageclient/lib/protocolConverter.js:449:22)
	at /root/.vscode/extensions/hikerpig.vetur-0.24.1/node_modules/vscode-languageclient/lib/protocolConverter.js:429:42
	at Array.map (<anonymous>)
	at Object.asSymbolInformations (/root/.vscode/extensions/hikerpig.vetur-0.24.1/node_modules/vscode-languageclient/lib/protocolConverter.js:429:23)
	at /root/.vscode/extensions/hikerpig.vetur-0.24.1/node_modules/vscode-languageclient/lib/client.js:1088:70
[2020-11-11 15:42:49.695] [renderer1] [error] name must not be falsy: Error: name must not be falsy
	at Function.validate (/usr/share/code/resources/app/out/vs/workbench/services/extensions/node/extensionHostProcess.js:442:18)
	at new x (/usr/share/code/resources/app/out/vs/workbench/services/extensions/node/extensionHostProcess.js:441:950)
	at new x (/usr/share/code/resources/app/out/vs/workbench/services/extensions/node/extensionHostProcess.js:429:431)
	at asSymbolInformation (/root/.vscode/extensions/hikerpig.vetur-0.24.1/node_modules/vscode-languageclient/lib/protocolConverter.js:449:22)
	at /root/.vscode/extensions/hikerpig.vetur-0.24.1/node_modules/vscode-languageclient/lib/protocolConverter.js:429:42
	at Array.map (<anonymous>)
	at Object.asSymbolInformations (/root/.vscode/extensions/hikerpig.vetur-0.24.1/node_modules/vscode-languageclient/lib/protocolConverter.js:429:23)
	at /root/.vscode/extensions/hikerpig.vetur-0.24.1/node_modules/vscode-languageclient/lib/client.js:1088:70
[2020-11-11 15:42:51.671] [renderer1] [error] name must not be falsy: Error: name must not be falsy
	at Function.validate (/usr/share/code/resources/app/out/vs/workbench/services/extensions/node/extensionHostProcess.js:442:18)
	at new x (/usr/share/code/resources/app/out/vs/workbench/services/extensions/node/extensionHostProcess.js:441:950)
	at new x (/usr/share/code/resources/app/out/vs/workbench/services/extensions/node/extensionHostProcess.js:429:431)
	at asSymbolInformation (/root/.vscode/extensions/hikerpig.vetur-0.24.1/node_modules/vscode-languageclient/lib/protocolConverter.js:449:22)
	at /root/.vscode/extensions/hikerpig.vetur-0.24.1/node_modules/vscode-languageclient/lib/protocolConverter.js:429:42
	at Array.map (<anonymous>)
	at Object.asSymbolInformations (/root/.vscode/extensions/hikerpig.vetur-0.24.1/node_modules/vscode-languageclient/lib/protocolConverter.js:429:23)
	at /root/.vscode/extensions/hikerpig.vetur-0.24.1/node_modules/vscode-languageclient/lib/client.js:1088:70
